<?xml version="1.0" encoding="UTF-8"?>
<testng-results ignored="0" total="1" passed="1" failed="0" skipped="0">
  <reporter-output>
  </reporter-output>
  <suite started-at="2022-05-26T20:30:53 IST" name="Suite" finished-at="2022-05-26T20:31:08 IST" duration-ms="14973">
    <groups>
    </groups>
    <test started-at="2022-05-26T20:30:53 IST" name="ChromeTest" finished-at="2022-05-26T20:31:08 IST" duration-ms="14973">
      <class name="TestCases.LoginFlipKart">
        <test-method is-config="true" signature="beforeTest(java.lang.String)[pri:0, instance:TestCases.LoginFlipKart@3dd69f5a]" started-at="2022-05-26T20:30:54 IST" name="beforeTest" finished-at="2022-05-26T20:31:03 IST" duration-ms="9566" status="PASS">
          <params>
            <param index="0">
              <value>
                <![CDATA[Chrome]]>
              </value>
            </param>
          </params>
          <reporter-output>
          </reporter-output>
        </test-method> <!-- beforeTest -->
        <test-method signature="addToCart()[pri:0, instance:TestCases.LoginFlipKart@3dd69f5a]" started-at="2022-05-26T20:31:03 IST" name="addToCart" finished-at="2022-05-26T20:31:08 IST" duration-ms="4604" status="PASS">
          <reporter-output>
          </reporter-output>
        </test-method> <!-- addToCart -->
      </class> <!-- TestCases.LoginFlipKart -->
    </test> <!-- ChromeTest -->
  </suite> <!-- Suite -->
</testng-results>
